TN:
SF:src/AutoPay.ts
FN:18,(anonymous_0)
FN:46,(anonymous_1)
FN:59,(anonymous_2)
FN:67,(anonymous_3)
FN:74,(anonymous_4)
FN:82,(anonymous_5)
FN:89,(anonymous_6)
FN:96,(anonymous_7)
FN:103,(anonymous_8)
FN:110,(anonymous_9)
FN:140,(anonymous_10)
FN:152,(anonymous_11)
FN:164,(anonymous_12)
FN:171,(anonymous_13)
FN:178,(anonymous_14)
FN:185,(anonymous_15)
FN:192,(anonymous_16)
FN:199,(anonymous_17)
FN:206,(anonymous_18)
FN:214,(anonymous_19)
FN:220,(anonymous_20)
FN:228,(anonymous_21)
FN:236,(anonymous_22)
FN:244,(anonymous_23)
FN:252,(anonymous_24)
FN:260,(anonymous_25)
FN:268,(anonymous_26)
FN:276,(anonymous_27)
FN:284,(anonymous_28)
FN:292,(anonymous_29)
FN:311,(anonymous_30)
FNF:31
FNH:14
FNDA:11,(anonymous_0)
FNDA:9,(anonymous_1)
FNDA:10,(anonymous_2)
FNDA:1,(anonymous_3)
FNDA:0,(anonymous_4)
FNDA:1,(anonymous_5)
FNDA:0,(anonymous_6)
FNDA:0,(anonymous_7)
FNDA:1,(anonymous_8)
FNDA:0,(anonymous_9)
FNDA:0,(anonymous_10)
FNDA:2,(anonymous_11)
FNDA:1,(anonymous_12)
FNDA:1,(anonymous_13)
FNDA:1,(anonymous_14)
FNDA:0,(anonymous_15)
FNDA:0,(anonymous_16)
FNDA:0,(anonymous_17)
FNDA:0,(anonymous_18)
FNDA:1,(anonymous_19)
FNDA:1,(anonymous_20)
FNDA:1,(anonymous_21)
FNDA:0,(anonymous_22)
FNDA:0,(anonymous_23)
FNDA:0,(anonymous_24)
FNDA:0,(anonymous_25)
FNDA:0,(anonymous_26)
FNDA:0,(anonymous_27)
FNDA:0,(anonymous_28)
FNDA:0,(anonymous_29)
FNDA:1,(anonymous_30)
DA:1,1
DA:2,1
DA:3,1
DA:9,1
DA:13,11
DA:19,11
DA:22,11
DA:25,8
DA:38,8
DA:40,8
DA:47,9
DA:53,9
DA:60,10
DA:61,10
DA:68,1
DA:75,0
DA:76,0
DA:83,1
DA:90,0
DA:97,0
DA:104,1
DA:111,0
DA:112,0
DA:114,0
DA:115,0
DA:121,0
DA:129,0
DA:141,0
DA:142,0
DA:143,0
DA:145,0
DA:153,2
DA:154,2
DA:155,2
DA:157,0
DA:165,1
DA:172,1
DA:179,1
DA:186,0
DA:193,0
DA:200,0
DA:207,0
DA:214,1
DA:215,1
DA:221,1
DA:222,1
DA:229,1
DA:230,1
DA:237,0
DA:238,0
DA:245,0
DA:246,0
DA:253,0
DA:254,0
DA:261,0
DA:262,0
DA:269,0
DA:270,0
DA:277,0
DA:278,0
DA:285,0
DA:286,0
DA:293,0
DA:294,0
DA:305,0
DA:312,1
DA:313,0
DA:316,1
LF:68
LH:31
BRDA:46,0,0,9
BRDA:114,1,0,0
BRDA:114,1,1,0
BRDA:312,2,0,0
BRDA:312,3,0,1
BRDA:312,3,1,1
BRF:6
BRH:3
end_of_record
TN:
SF:src/index.ts
FN:6,(anonymous_4)
FN:6,(anonymous_5)
FN:9,(anonymous_6)
FN:9,(anonymous_7)
FN:15,(anonymous_8)
FN:15,(anonymous_9)
FN:16,(anonymous_10)
FN:17,(anonymous_11)
FN:17,(anonymous_12)
FN:17,(anonymous_13)
FN:17,(anonymous_14)
FN:20,(anonymous_15)
FN:23,(anonymous_16)
FN:26,(anonymous_17)
FNF:14
FNH:0
FNDA:0,(anonymous_4)
FNDA:0,(anonymous_5)
FNDA:0,(anonymous_6)
FNDA:0,(anonymous_7)
FNDA:0,(anonymous_8)
FNDA:0,(anonymous_9)
FNDA:0,(anonymous_10)
FNDA:0,(anonymous_11)
FNDA:0,(anonymous_12)
FNDA:0,(anonymous_13)
FNDA:0,(anonymous_14)
FNDA:0,(anonymous_15)
FNDA:0,(anonymous_16)
FNDA:0,(anonymous_17)
DA:6,0
DA:9,0
DA:12,0
DA:15,0
DA:16,0
DA:17,0
DA:20,0
DA:23,0
DA:26,0
LF:9
LH:0
BRF:0
BRH:0
end_of_record
TN:
SF:src/config/Config.ts
FN:20,(anonymous_0)
FN:40,(anonymous_1)
FN:47,(anonymous_2)
FN:66,(anonymous_3)
FN:73,(anonymous_4)
FN:80,(anonymous_5)
FN:87,(anonymous_6)
FN:94,(anonymous_7)
FN:101,(anonymous_8)
FN:108,(anonymous_9)
FN:115,(anonymous_10)
FN:122,(anonymous_11)
FN:129,(anonymous_12)
FN:136,(anonymous_13)
FN:148,(anonymous_14)
FN:163,(anonymous_15)
FN:178,(anonymous_16)
FN:197,(anonymous_17)
FN:203,(anonymous_18)
FN:211,(anonymous_19)
FN:219,(anonymous_20)
FN:227,(anonymous_21)
FN:235,(anonymous_22)
FN:243,(anonymous_23)
FN:251,(anonymous_24)
FN:259,(anonymous_25)
FN:267,(anonymous_26)
FN:275,(anonymous_27)
FN:291,(anonymous_28)
FNF:29
FNH:13
FNDA:11,(anonymous_0)
FNDA:11,(anonymous_1)
FNDA:0,(anonymous_2)
FNDA:0,(anonymous_3)
FNDA:9,(anonymous_4)
FNDA:9,(anonymous_5)
FNDA:8,(anonymous_6)
FNDA:9,(anonymous_7)
FNDA:8,(anonymous_8)
FNDA:8,(anonymous_9)
FNDA:8,(anonymous_10)
FNDA:9,(anonymous_11)
FNDA:8,(anonymous_12)
FNDA:0,(anonymous_13)
FNDA:11,(anonymous_14)
FNDA:11,(anonymous_15)
FNDA:0,(anonymous_16)
FNDA:0,(anonymous_17)
FNDA:0,(anonymous_18)
FNDA:0,(anonymous_19)
FNDA:0,(anonymous_20)
FNDA:0,(anonymous_21)
FNDA:0,(anonymous_22)
FNDA:0,(anonymous_23)
FNDA:0,(anonymous_24)
FNDA:0,(anonymous_25)
FNDA:0,(anonymous_26)
FNDA:0,(anonymous_27)
FNDA:0,(anonymous_28)
DA:6,1
DA:21,11
DA:22,11
DA:23,11
DA:24,11
DA:25,11
DA:26,11
DA:27,11
DA:28,11
DA:29,11
DA:41,11
DA:48,0
DA:60,0
DA:67,0
DA:74,9
DA:81,9
DA:88,8
DA:95,9
DA:102,8
DA:109,8
DA:116,8
DA:123,9
DA:130,8
DA:137,0
DA:138,0
DA:139,0
DA:140,0
DA:142,0
DA:149,11
DA:150,2
DA:152,9
DA:153,1
DA:155,8
DA:156,0
DA:164,11
DA:166,0
DA:168,0
DA:171,11
DA:179,0
DA:181,0
DA:182,0
DA:183,0
DA:184,0
DA:185,0
DA:190,0
DA:197,1
DA:198,0
DA:204,0
DA:205,0
DA:212,0
DA:213,0
DA:220,0
DA:221,0
DA:228,0
DA:229,0
DA:236,0
DA:237,0
DA:244,0
DA:245,0
DA:252,0
DA:253,0
DA:260,0
DA:261,0
DA:268,0
DA:269,0
DA:276,0
DA:277,0
DA:292,0
DA:293,0
DA:296,0
LF:70
LH:28
BRDA:24,0,0,11
BRDA:24,0,1,11
BRDA:25,1,0,11
BRDA:25,1,1,11
BRDA:26,2,0,11
BRDA:26,2,1,11
BRDA:27,3,0,11
BRDA:27,3,1,11
BRDA:28,4,0,11
BRDA:28,4,1,11
BRDA:49,5,0,0
BRDA:49,5,1,0
BRDA:50,6,0,0
BRDA:50,6,1,0
BRDA:53,7,0,0
BRDA:53,7,1,0
BRDA:55,8,0,0
BRDA:55,8,1,0
BRDA:139,9,0,0
BRDA:149,10,0,2
BRDA:152,11,0,1
BRDA:155,12,0,0
BRDA:164,13,0,0
BRDA:164,13,1,0
BRDA:164,13,2,0
BRDA:164,13,3,11
BRDA:182,14,0,0
BRDA:184,15,0,0
BRDA:280,16,0,0
BRDA:280,16,1,0
BRDA:292,17,0,0
BRDA:292,18,0,0
BRDA:292,18,1,0
BRF:33
BRH:13
end_of_record
TN:
SF:src/http/Client.ts
FN:13,(anonymous_1)
FN:36,(anonymous_2)
FN:49,(anonymous_3)
FN:60,(anonymous_4)
FN:71,(anonymous_5)
FN:82,(anonymous_6)
FN:99,(anonymous_7)
FN:113,(anonymous_8)
FN:133,(anonymous_9)
FN:149,(anonymous_10)
FN:165,(anonymous_11)
FN:168,(anonymous_12)
FN:182,(anonymous_13)
FN:192,(anonymous_14)
FN:205,(anonymous_15)
FN:226,(anonymous_16)
FN:279,(anonymous_17)
FN:286,(anonymous_18)
FN:293,(anonymous_19)
FN:300,(anonymous_20)
FN:307,(anonymous_21)
FN:314,(anonymous_22)
FN:375,(anonymous_23)
FN:382,(anonymous_24)
FNF:24
FNH:4
FNDA:0,(anonymous_1)
FNDA:0,(anonymous_2)
FNDA:0,(anonymous_3)
FNDA:0,(anonymous_4)
FNDA:0,(anonymous_5)
FNDA:0,(anonymous_6)
FNDA:0,(anonymous_7)
FNDA:0,(anonymous_8)
FNDA:8,(anonymous_9)
FNDA:0,(anonymous_10)
FNDA:8,(anonymous_11)
FNDA:0,(anonymous_12)
FNDA:0,(anonymous_13)
FNDA:0,(anonymous_14)
FNDA:0,(anonymous_15)
FNDA:0,(anonymous_16)
FNDA:0,(anonymous_17)
FNDA:0,(anonymous_18)
FNDA:0,(anonymous_19)
FNDA:0,(anonymous_20)
FNDA:0,(anonymous_21)
FNDA:0,(anonymous_22)
FNDA:8,(anonymous_23)
FNDA:2,(anonymous_24)
DA:1,1
DA:7,1
DA:20,0
DA:21,0
DA:22,0
DA:23,0
DA:24,0
DA:25,0
DA:28,0
DA:29,0
DA:37,0
DA:50,0
DA:61,0
DA:72,0
DA:87,0
DA:103,0
DA:114,0
DA:127,1
DA:134,8
DA:135,8
DA:136,8
DA:139,8
DA:150,0
DA:151,0
DA:153,0
DA:159,8
DA:167,8
DA:170,0
DA:176,0
DA:177,0
DA:180,0
DA:183,0
DA:184,0
DA:186,0
DA:191,8
DA:194,0
DA:195,0
DA:199,0
DA:200,0
DA:203,0
DA:207,0
DA:208,0
DA:212,0
DA:213,0
DA:214,0
DA:215,0
DA:217,0
DA:227,0
DA:228,0
DA:229,0
DA:230,0
DA:232,0
DA:234,0
DA:242,0
DA:244,0
DA:246,0
DA:253,0
DA:255,0
DA:265,0
DA:267,0
DA:280,0
DA:287,0
DA:294,0
DA:301,0
DA:308,0
DA:315,0
DA:317,0
DA:330,0
DA:331,0
DA:335,0
DA:336,0
DA:340,0
DA:343,0
DA:344,0
DA:345,0
DA:348,0
DA:350,0
DA:351,0
DA:355,0
DA:356,0
DA:357,0
DA:358,0
DA:361,0
DA:362,0
DA:365,0
DA:368,0
DA:376,8
DA:383,2
DA:384,2
LF:89
LH:13
BRDA:15,0,0,0
BRDA:16,1,0,0
BRDA:28,2,0,0
BRDA:42,3,0,0
BRDA:42,3,1,0
BRDA:49,4,0,0
BRDA:60,5,0,0
BRDA:71,6,0,0
BRDA:84,7,0,0
BRDA:100,8,0,0
BRDA:101,9,0,0
BRDA:141,10,0,8
BRDA:141,10,1,0
BRDA:144,11,0,8
BRDA:144,11,1,0
BRDA:151,12,0,0
BRDA:151,12,1,0
BRDA:176,13,0,0
BRDA:183,14,0,0
BRDA:194,15,0,0
BRDA:199,16,0,0
BRDA:207,17,0,0
BRDA:208,18,0,0
BRDA:208,18,1,0
BRDA:212,19,0,0
BRDA:212,19,1,0
BRDA:214,20,0,0
BRDA:214,20,1,0
BRDA:229,21,0,0
BRDA:229,21,1,0
BRDA:229,21,2,0
BRDA:230,22,0,0
BRDA:230,22,1,0
BRDA:232,23,0,0
BRDA:232,23,1,0
BRDA:232,23,2,0
BRDA:232,23,3,0
BRDA:232,23,4,0
BRDA:232,23,5,0
BRDA:232,23,6,0
BRDA:232,23,7,0
BRDA:232,23,8,0
BRDA:232,23,9,0
BRDA:232,23,10,0
BRDA:279,24,0,0
BRDA:286,25,0,0
BRDA:293,26,0,0
BRDA:300,27,0,0
BRDA:307,28,0,0
BRDA:314,29,0,0
BRDA:319,30,0,0
BRDA:319,30,1,0
BRDA:330,31,0,0
BRDA:335,32,0,0
BRDA:344,33,0,0
BRDA:344,34,0,0
BRDA:344,34,1,0
BRDA:350,35,0,0
BRDA:355,36,0,0
BRDA:355,37,0,0
BRDA:355,37,1,0
BRDA:357,38,0,0
BRDA:361,39,0,0
BRDA:361,40,0,0
BRDA:361,40,1,0
BRDA:365,41,0,0
BRDA:365,41,1,0
BRDA:383,42,0,2
BRF:68
BRH:3
end_of_record
TN:
SF:src/models/CreatePaymentRequest.ts
FN:23,(anonymous_0)
FN:44,(anonymous_1)
FN:51,(anonymous_2)
FN:58,(anonymous_3)
FN:65,(anonymous_4)
FN:72,(anonymous_5)
FN:79,(anonymous_6)
FN:86,(anonymous_7)
FN:93,(anonymous_8)
FN:100,(anonymous_9)
FN:107,(anonymous_10)
FN:114,(anonymous_11)
FN:121,(anonymous_12)
FN:128,(anonymous_13)
FN:135,(anonymous_14)
FN:142,(anonymous_15)
FN:149,(anonymous_16)
FN:156,(anonymous_17)
FN:200,(anonymous_18)
FN:204,(anonymous_19)
FN:211,(anonymous_20)
FN:215,(anonymous_21)
FN:222,(anonymous_22)
FN:226,(anonymous_23)
FN:233,(anonymous_24)
FN:237,(anonymous_25)
FN:244,(anonymous_26)
FN:248,(anonymous_27)
FN:255,(anonymous_28)
FN:259,(anonymous_29)
FN:266,(anonymous_30)
FN:270,(anonymous_31)
FN:277,(anonymous_32)
FN:281,(anonymous_33)
FN:288,(anonymous_34)
FN:292,(anonymous_35)
FN:299,(anonymous_36)
FN:303,(anonymous_37)
FN:310,(anonymous_38)
FN:314,(anonymous_39)
FN:321,(anonymous_40)
FN:325,(anonymous_41)
FN:332,(anonymous_42)
FN:336,(anonymous_43)
FN:343,(anonymous_44)
FN:347,(anonymous_45)
FN:354,(anonymous_46)
FN:358,(anonymous_47)
FN:365,(anonymous_48)
FN:373,(anonymous_49)
FN:381,(anonymous_50)
FN:389,(anonymous_51)
FN:397,(anonymous_52)
FN:405,(anonymous_53)
FN:413,(anonymous_54)
FN:421,(anonymous_55)
FN:429,(anonymous_56)
FN:437,(anonymous_57)
FN:445,(anonymous_58)
FN:453,(anonymous_59)
FN:461,(anonymous_60)
FN:469,(anonymous_61)
FN:480,(anonymous_62)
FN:488,(anonymous_63)
FN:496,(anonymous_64)
FN:507,(anonymous_65)
FN:528,(anonymous_66)
FNF:67
FNH:0
FNDA:0,(anonymous_0)
FNDA:0,(anonymous_1)
FNDA:0,(anonymous_2)
FNDA:0,(anonymous_3)
FNDA:0,(anonymous_4)
FNDA:0,(anonymous_5)
FNDA:0,(anonymous_6)
FNDA:0,(anonymous_7)
FNDA:0,(anonymous_8)
FNDA:0,(anonymous_9)
FNDA:0,(anonymous_10)
FNDA:0,(anonymous_11)
FNDA:0,(anonymous_12)
FNDA:0,(anonymous_13)
FNDA:0,(anonymous_14)
FNDA:0,(anonymous_15)
FNDA:0,(anonymous_16)
FNDA:0,(anonymous_17)
FNDA:0,(anonymous_18)
FNDA:0,(anonymous_19)
FNDA:0,(anonymous_20)
FNDA:0,(anonymous_21)
FNDA:0,(anonymous_22)
FNDA:0,(anonymous_23)
FNDA:0,(anonymous_24)
FNDA:0,(anonymous_25)
FNDA:0,(anonymous_26)
FNDA:0,(anonymous_27)
FNDA:0,(anonymous_28)
FNDA:0,(anonymous_29)
FNDA:0,(anonymous_30)
FNDA:0,(anonymous_31)
FNDA:0,(anonymous_32)
FNDA:0,(anonymous_33)
FNDA:0,(anonymous_34)
FNDA:0,(anonymous_35)
FNDA:0,(anonymous_36)
FNDA:0,(anonymous_37)
FNDA:0,(anonymous_38)
FNDA:0,(anonymous_39)
FNDA:0,(anonymous_40)
FNDA:0,(anonymous_41)
FNDA:0,(anonymous_42)
FNDA:0,(anonymous_43)
FNDA:0,(anonymous_44)
FNDA:0,(anonymous_45)
FNDA:0,(anonymous_46)
FNDA:0,(anonymous_47)
FNDA:0,(anonymous_48)
FNDA:0,(anonymous_49)
FNDA:0,(anonymous_50)
FNDA:0,(anonymous_51)
FNDA:0,(anonymous_52)
FNDA:0,(anonymous_53)
FNDA:0,(anonymous_54)
FNDA:0,(anonymous_55)
FNDA:0,(anonymous_56)
FNDA:0,(anonymous_57)
FNDA:0,(anonymous_58)
FNDA:0,(anonymous_59)
FNDA:0,(anonymous_60)
FNDA:0,(anonymous_61)
FNDA:0,(anonymous_62)
FNDA:0,(anonymous_63)
FNDA:0,(anonymous_64)
FNDA:0,(anonymous_65)
FNDA:0,(anonymous_66)
DA:6,0
DA:24,0
DA:25,0
DA:26,0
DA:27,0
DA:28,0
DA:29,0
DA:30,0
DA:31,0
DA:32,0
DA:33,0
DA:34,0
DA:35,0
DA:36,0
DA:37,0
DA:38,0
DA:45,0
DA:52,0
DA:59,0
DA:66,0
DA:73,0
DA:80,0
DA:87,0
DA:94,0
DA:101,0
DA:108,0
DA:115,0
DA:122,0
DA:129,0
DA:136,0
DA:143,0
DA:150,0
DA:157,0
DA:180,0
DA:201,0
DA:205,0
DA:212,0
DA:216,0
DA:223,0
DA:227,0
DA:234,0
DA:238,0
DA:245,0
DA:249,0
DA:256,0
DA:260,0
DA:267,0
DA:271,0
DA:278,0
DA:282,0
DA:289,0
DA:293,0
DA:300,0
DA:304,0
DA:311,0
DA:315,0
DA:322,0
DA:326,0
DA:333,0
DA:337,0
DA:344,0
DA:348,0
DA:355,0
DA:359,0
DA:366,0
DA:367,0
DA:374,0
DA:375,0
DA:382,0
DA:383,0
DA:390,0
DA:391,0
DA:398,0
DA:399,0
DA:406,0
DA:407,0
DA:414,0
DA:415,0
DA:422,0
DA:423,0
DA:430,0
DA:431,0
DA:438,0
DA:439,0
DA:446,0
DA:447,0
DA:454,0
DA:455,0
DA:462,0
DA:463,0
DA:470,0
DA:471,0
DA:473,0
DA:474,0
DA:481,0
DA:482,0
DA:489,0
DA:490,0
DA:497,0
DA:498,0
DA:500,0
DA:501,0
DA:508,0
DA:509,0
DA:512,0
DA:513,0
DA:516,0
DA:517,0
DA:520,0
DA:521,0
DA:529,0
DA:530,0
LF:112
LH:0
BRDA:470,0,0,0
BRDA:497,1,0,0
BRDA:508,2,0,0
BRDA:508,3,0,0
BRDA:508,3,1,0
BRDA:512,4,0,0
BRDA:512,5,0,0
BRDA:512,5,1,0
BRDA:516,6,0,0
BRDA:520,7,0,0
BRF:10
BRH:0
end_of_record
TN:
SF:src/models/PaymentResponse.ts
FN:28,(anonymous_0)
FN:54,(anonymous_1)
FN:61,(anonymous_2)
FN:68,(anonymous_3)
FN:75,(anonymous_4)
FN:82,(anonymous_5)
FN:89,(anonymous_6)
FN:96,(anonymous_7)
FN:103,(anonymous_8)
FN:110,(anonymous_9)
FN:132,(anonymous_10)
FN:152,(anonymous_11)
FNF:12
FNH:0
FNDA:0,(anonymous_0)
FNDA:0,(anonymous_1)
FNDA:0,(anonymous_2)
FNDA:0,(anonymous_3)
FNDA:0,(anonymous_4)
FNDA:0,(anonymous_5)
FNDA:0,(anonymous_6)
FNDA:0,(anonymous_7)
FNDA:0,(anonymous_8)
FNDA:0,(anonymous_9)
FNDA:0,(anonymous_10)
FNDA:0,(anonymous_11)
DA:1,1
DA:6,1
DA:29,0
DA:30,0
DA:31,0
DA:32,0
DA:33,0
DA:34,0
DA:35,0
DA:36,0
DA:37,0
DA:38,0
DA:39,0
DA:40,0
DA:41,0
DA:42,0
DA:43,0
DA:44,0
DA:45,0
DA:46,0
DA:47,0
DA:48,0
DA:55,0
DA:62,0
DA:69,0
DA:76,0
DA:83,0
DA:90,0
DA:97,0
DA:104,0
DA:111,0
DA:113,0
DA:115,0
DA:117,0
DA:119,0
DA:121,0
DA:123,0
DA:125,0
DA:133,0
DA:135,0
DA:137,0
DA:139,0
DA:141,0
DA:143,0
DA:145,0
DA:153,0
LF:46
LH:2
BRDA:104,0,0,0
BRDA:104,0,1,0
BRDA:104,0,2,0
BRDA:111,1,0,0
BRDA:111,1,1,0
BRDA:111,1,2,0
BRDA:111,1,3,0
BRDA:111,1,4,0
BRDA:111,1,5,0
BRDA:111,1,6,0
BRDA:133,2,0,0
BRDA:133,2,1,0
BRDA:133,2,2,0
BRDA:133,2,3,0
BRDA:133,2,4,0
BRDA:133,2,5,0
BRF:16
BRH:0
end_of_record
TN:
SF:src/models/QueryPaymentRequest.ts
FN:16,(anonymous_0)
FN:32,(anonymous_1)
FN:39,(anonymous_2)
FN:75,(anonymous_3)
FN:83,(anonymous_4)
FN:91,(anonymous_5)
FN:99,(anonymous_6)
FN:107,(anonymous_7)
FN:115,(anonymous_8)
FN:123,(anonymous_9)
FN:132,(anonymous_10)
FN:141,(anonymous_11)
FN:149,(anonymous_12)
FN:157,(anonymous_13)
FN:165,(anonymous_14)
FN:173,(anonymous_15)
FN:182,(anonymous_16)
FN:197,(anonymous_17)
FN:208,(anonymous_18)
FN:215,(anonymous_19)
FN:239,(anonymous_20)
FN:247,(anonymous_21)
FN:255,(anonymous_22)
FN:263,(anonymous_23)
FN:271,(anonymous_24)
FN:282,(anonymous_25)
FN:290,(anonymous_26)
FN:299,(anonymous_27)
FNF:28
FNH:0
FNDA:0,(anonymous_0)
FNDA:0,(anonymous_1)
FNDA:0,(anonymous_2)
FNDA:0,(anonymous_3)
FNDA:0,(anonymous_4)
FNDA:0,(anonymous_5)
FNDA:0,(anonymous_6)
FNDA:0,(anonymous_7)
FNDA:0,(anonymous_8)
FNDA:0,(anonymous_9)
FNDA:0,(anonymous_10)
FNDA:0,(anonymous_11)
FNDA:0,(anonymous_12)
FNDA:0,(anonymous_13)
FNDA:0,(anonymous_14)
FNDA:0,(anonymous_15)
FNDA:0,(anonymous_16)
FNDA:0,(anonymous_17)
FNDA:0,(anonymous_18)
FNDA:0,(anonymous_19)
FNDA:0,(anonymous_20)
FNDA:0,(anonymous_21)
FNDA:0,(anonymous_22)
FNDA:0,(anonymous_23)
FNDA:0,(anonymous_24)
FNDA:0,(anonymous_25)
FNDA:0,(anonymous_26)
FNDA:0,(anonymous_27)
DA:4,0
DA:17,0
DA:18,0
DA:19,0
DA:20,0
DA:21,0
DA:22,0
DA:23,0
DA:24,0
DA:25,0
DA:26,0
DA:33,0
DA:40,0
DA:42,0
DA:43,0
DA:44,0
DA:45,0
DA:46,0
DA:47,0
DA:48,0
DA:49,0
DA:50,0
DA:51,0
DA:53,0
DA:60,0
DA:76,0
DA:77,0
DA:84,0
DA:85,0
DA:92,0
DA:93,0
DA:100,0
DA:101,0
DA:108,0
DA:109,0
DA:116,0
DA:117,0
DA:124,0
DA:125,0
DA:126,0
DA:133,0
DA:134,0
DA:135,0
DA:142,0
DA:143,0
DA:150,0
DA:151,0
DA:158,0
DA:159,0
DA:166,0
DA:167,0
DA:174,0
DA:175,0
DA:176,0
DA:183,0
DA:190,0
DA:198,0
DA:199,0
DA:200,0
DA:201,0
DA:202,0
DA:209,0
DA:216,0
DA:229,0
DA:240,0
DA:241,0
DA:248,0
DA:249,0
DA:256,0
DA:257,0
DA:264,0
DA:265,0
DA:272,0
DA:273,0
DA:275,0
DA:276,0
DA:283,0
DA:284,0
DA:291,0
DA:292,0
DA:300,0
DA:301,0
LF:82
LH:0
BRDA:42,0,0,0
BRDA:43,1,0,0
BRDA:44,2,0,0
BRDA:45,3,0,0
BRDA:46,4,0,0
BRDA:47,5,0,0
BRDA:48,6,0,0
BRDA:49,7,0,0
BRDA:50,8,0,0
BRDA:51,9,0,0
BRDA:173,10,0,0
BRDA:272,11,0,0
BRDA:291,12,0,0
BRDA:291,13,0,0
BRDA:291,13,1,0
BRF:15
BRH:0
end_of_record
TN:
SF:src/services/AutoPayService.ts
FN:35,(anonymous_0)
FN:44,(anonymous_1)
FN:56,(anonymous_2)
FN:74,(anonymous_3)
FN:93,(anonymous_4)
FN:99,(anonymous_5)
FN:121,(anonymous_6)
FN:139,(anonymous_7)
FN:157,(anonymous_8)
FN:168,(anonymous_9)
FN:186,(anonymous_10)
FN:191,(anonymous_11)
FN:217,(anonymous_12)
FN:228,(anonymous_13)
FN:239,(anonymous_14)
FN:250,(anonymous_15)
FN:265,(anonymous_16)
FN:276,(anonymous_17)
FN:281,(anonymous_18)
FN:303,(anonymous_19)
FN:314,(anonymous_20)
FN:326,(anonymous_21)
FN:343,(anonymous_22)
FN:354,(anonymous_23)
FN:369,(anonymous_24)
FN:404,(anonymous_25)
FN:417,(anonymous_26)
FN:443,(anonymous_27)
FN:461,(anonymous_28)
FN:479,(anonymous_29)
FN:490,(anonymous_30)
FNF:31
FNH:2
FNDA:8,(anonymous_0)
FNDA:8,(anonymous_1)
FNDA:0,(anonymous_2)
FNDA:0,(anonymous_3)
FNDA:0,(anonymous_4)
FNDA:0,(anonymous_5)
FNDA:0,(anonymous_6)
FNDA:0,(anonymous_7)
FNDA:0,(anonymous_8)
FNDA:0,(anonymous_9)
FNDA:0,(anonymous_10)
FNDA:0,(anonymous_11)
FNDA:0,(anonymous_12)
FNDA:0,(anonymous_13)
FNDA:0,(anonymous_14)
FNDA:0,(anonymous_15)
FNDA:0,(anonymous_16)
FNDA:0,(anonymous_17)
FNDA:0,(anonymous_18)
FNDA:0,(anonymous_19)
FNDA:0,(anonymous_20)
FNDA:0,(anonymous_21)
FNDA:0,(anonymous_22)
FNDA:0,(anonymous_23)
FNDA:0,(anonymous_24)
FNDA:0,(anonymous_25)
FNDA:0,(anonymous_26)
FNDA:0,(anonymous_27)
FNDA:0,(anonymous_28)
FNDA:0,(anonymous_29)
FNDA:0,(anonymous_30)
DA:7,1
DA:30,1
DA:36,8
DA:37,8
DA:38,8
DA:46,8
DA:57,0
DA:58,0
DA:59,0
DA:60,0
DA:62,0
DA:67,0
DA:75,0
DA:76,0
DA:77,0
DA:78,0
DA:79,0
DA:81,0
DA:86,0
DA:94,0
DA:95,0
DA:96,0
DA:99,0
DA:100,0
DA:103,0
DA:114,0
DA:122,0
DA:123,0
DA:124,0
DA:125,0
DA:127,0
DA:132,0
DA:140,0
DA:141,0
DA:142,0
DA:143,0
DA:145,0
DA:150,0
DA:158,0
DA:159,0
DA:161,0
DA:169,0
DA:170,0
DA:171,0
DA:172,0
DA:174,0
DA:179,0
DA:187,0
DA:188,0
DA:189,0
DA:191,0
DA:192,0
DA:195,0
DA:206,0
DA:218,0
DA:219,0
DA:221,0
DA:229,0
DA:230,0
DA:232,0
DA:240,0
DA:241,0
DA:243,0
DA:251,0
DA:252,0
DA:254,0
DA:266,0
DA:267,0
DA:269,0
DA:277,0
DA:278,0
DA:279,0
DA:281,0
DA:282,0
DA:285,0
DA:296,0
DA:304,0
DA:305,0
DA:307,0
DA:315,0
DA:316,0
DA:317,0
DA:319,0
DA:327,0
DA:328,0
DA:332,0
DA:344,0
DA:345,0
DA:347,0
DA:355,0
DA:356,0
DA:358,0
DA:370,0
DA:372,0
DA:373,0
DA:382,0
DA:384,0
DA:391,0
DA:392,0
DA:407,0
DA:418,0
DA:419,0
DA:421,0
DA:422,0
DA:423,0
DA:425,0
DA:434,0
DA:436,0
DA:444,0
DA:445,0
DA:446,0
DA:447,0
DA:449,0
DA:454,0
DA:462,0
DA:463,0
DA:464,0
DA:465,0
DA:467,0
DA:472,0
DA:480,0
DA:481,0
DA:483,0
DA:491,0
DA:492,0
DA:494,0
LF:126
LH:6
BRDA:38,0,0,8
BRDA:38,0,1,8
BRDA:93,1,0,0
BRDA:99,2,0,0
BRDA:99,2,1,0
BRDA:107,3,0,0
BRDA:107,3,1,0
BRDA:108,4,0,0
BRDA:108,4,1,0
BRDA:109,5,0,0
BRDA:109,5,1,0
BRDA:110,6,0,0
BRDA:110,6,1,0
BRDA:186,7,0,0
BRDA:191,8,0,0
BRDA:191,8,1,0
BRDA:199,9,0,0
BRDA:199,9,1,0
BRDA:200,10,0,0
BRDA:200,10,1,0
BRDA:201,11,0,0
BRDA:201,11,1,0
BRDA:202,12,0,0
BRDA:202,12,1,0
BRDA:276,13,0,0
BRDA:281,14,0,0
BRDA:281,14,1,0
BRDA:289,15,0,0
BRDA:289,15,1,0
BRDA:290,16,0,0
BRDA:290,16,1,0
BRDA:291,17,0,0
BRDA:291,17,1,0
BRDA:292,18,0,0
BRDA:292,18,1,0
BRDA:303,19,0,0
BRDA:316,20,0,0
BRDA:316,20,1,0
BRDA:372,21,0,0
BRDA:421,22,0,0
BRDA:421,23,0,0
BRDA:421,23,1,0
BRF:42
BRH:2
end_of_record
TN:
SF:src/types/index.ts
FN:15,(anonymous_0)
FN:25,(anonymous_1)
FN:43,(anonymous_2)
FN:46,(anonymous_3)
FN:203,(anonymous_4)
FNF:5
FNH:3
FNDA:1,(anonymous_0)
FNDA:1,(anonymous_1)
FNDA:0,(anonymous_2)
FNDA:0,(anonymous_3)
FNDA:1,(anonymous_4)
DA:15,1
DA:16,1
DA:17,1
DA:18,1
DA:19,1
DA:20,1
DA:21,1
DA:25,1
DA:26,1
DA:27,1
DA:28,1
DA:29,1
DA:30,1
DA:31,1
DA:43,1
DA:46,1
DA:203,1
DA:204,1
DA:205,1
DA:206,1
DA:207,1
LF:21
LH:21
BRDA:15,0,0,1
BRDA:15,0,1,1
BRDA:25,1,0,1
BRDA:25,1,1,1
BRDA:203,2,0,1
BRDA:203,2,1,1
BRF:6
BRH:6
end_of_record
